{"name": "Заказ самоката - вход через кнопку \"Заказать\" внизу страницы- позитивный сценарий", "status": "broken", "statusDetails": {"message": "selenium.common.exceptions.TimeoutException: Message: \nStacktrace:\nBacktrace:\n\t(No symbol) [0x010C37D3]\n\t(No symbol) [0x01058B81]\n\t(No symbol) [0x00F5B36D]\n\t(No symbol) [0x00F8D382]\n\t(No symbol) [0x00F8D4BB]\n\t(No symbol) [0x00FC3302]\n\t(No symbol) [0x00FAB464]\n\t(No symbol) [0x00FC1215]\n\t(No symbol) [0x00FAB216]\n\t(No symbol) [0x00F80D97]\n\t(No symbol) [0x00F8253D]\n\tGetHandleVerifier [0x0133ABF2+2510930]\n\tGetHandleVerifier [0x01368EC1+2700065]\n\tGetHandleVerifier [0x0136C86C+2714828]\n\tGetHandleVerifier [0x01173480+645344]\n\t(No symbol) [0x01060FD2]\n\t(No symbol) [0x01066C68]\n\t(No symbol) [0x01066D4B]\n\t(No symbol) [0x01070D6B]\n\tBaseThreadInitThunk [0x752C7D69+25]\n\tRtlInitializeExceptionChain [0x7748B74B+107]\n\tRtlClearBits [0x7748B6CF+191]", "trace": "driver = <selenium.webdriver.chrome.webdriver.WebDriver (session=\"e03f5998087f9ffd68ae3b6df45b3da3\")>, name = 'Роман', family_name = 'Александровский'\naddress = 'Новомытищенский проспект, 33, корпус 1', metro = 'Перово', phone = '+12345678901', date = '23.03.2023'\n\n    @allure.title('Заказ самоката - вход через кнопку \"Заказать\" внизу страницы- позитивный сценарий')\n    @allure.description('Проверка позитивного сценария заказа самоката через кнопку внизу страницы с корректным заполнением всех полей формы, кроме поля \"Комментарий\"')\n    @pytest.mark.parametrize('name, family_name, address, metro, phone, date',\n                                 [['Роман', 'Александровский', 'Новомытищенский проспект, 33, корпус 1', 'Перово', '+12345678901', tomorrow],\n                                  ['Аркадий', 'Петров', 'Тверская, 5', 'Сокол', '+791600006627', day_after_tomorrow]])\n    def test_order_via_button_in_bottom_and_check_link(driver, name, family_name, address, metro, phone, date):\n        home_page = HomePage(driver)\n        home_page.accept_cookies()\n        home_page.click_order_button_in_bottom()\n    \n        order_page = OrderPage(driver)\n        order_page.wait_for_page_load()\n        order_page.fill_in_name_field(name)\n        order_page.fill_in_family_name_field(family_name)\n        order_page.fill_in_address_field(address)\n        order_page.choose_metro_station(metro)\n        order_page.fill_in_phone_number(phone)\n        order_page.click_submit_button()\n    \n        rent_details_form = RentDetailsForm(driver)\n        rent_details_form.wait_for_page_load()\n    \n        rent_details_form.choose_date(date)\n        rent_details_form.choose_rent_duration()\n        rent_details_form.choose_black_color()\n        rent_details_form.click_order_button()\n    \n>       order_page.wait_confirmation()\n\ntests\\test_order.py:71: \n_ _ _ _ _ _ _ _ _ _ _ _ _ _ _ _ _ _ _ _ _ _ _ _ _ _ _ _ _ _ _ _ _ _ _ _ _ _ _ _ _ _ _ _ _ _ _ _ _ _ _ _ _ _ _ _ _ _ _ _ _ _ _ _ _ _ _ _ _ _ _ _ _ _ _ _ _ _ _ _ _ _ _ _ _ _ _ _ _ _ _ _\npages\\order_page.py:55: in wait_confirmation\n    WebDriverWait(self.driver,5).until(expected_conditions.visibility_of_element_located(self.order_created_message))\n_ _ _ _ _ _ _ _ _ _ _ _ _ _ _ _ _ _ _ _ _ _ _ _ _ _ _ _ _ _ _ _ _ _ _ _ _ _ _ _ _ _ _ _ _ _ _ _ _ _ _ _ _ _ _ _ _ _ _ _ _ _ _ _ _ _ _ _ _ _ _ _ _ _ _ _ _ _ _ _ _ _ _ _ _ _ _ _ _ _ _ _\n\nself = <selenium.webdriver.support.wait.WebDriverWait (session=\"e03f5998087f9ffd68ae3b6df45b3da3\")>\nmethod = <function visibility_of_element_located.<locals>._predicate at 0x00000165408FC1F0>, message = ''\n\n    def until(self, method, message: str = \"\"):\n        \"\"\"Calls the method provided with the driver as an argument until the \\\n        return value does not evaluate to ``False``.\n    \n        :param method: callable(WebDriver)\n        :param message: optional message for :exc:`TimeoutException`\n        :returns: the result of the last call to `method`\n        :raises: :exc:`selenium.common.exceptions.TimeoutException` if timeout occurs\n        \"\"\"\n        screen = None\n        stacktrace = None\n    \n        end_time = time.monotonic() + self._timeout\n        while True:\n            try:\n                value = method(self._driver)\n                if value:\n                    return value\n            except self._ignored_exceptions as exc:\n                screen = getattr(exc, \"screen\", None)\n                stacktrace = getattr(exc, \"stacktrace\", None)\n            time.sleep(self._poll)\n            if time.monotonic() > end_time:\n                break\n>       raise TimeoutException(message, screen, stacktrace)\nE       selenium.common.exceptions.TimeoutException: Message: \nE       Stacktrace:\nE       Backtrace:\nE       \t(No symbol) [0x010C37D3]\nE       \t(No symbol) [0x01058B81]\nE       \t(No symbol) [0x00F5B36D]\nE       \t(No symbol) [0x00F8D382]\nE       \t(No symbol) [0x00F8D4BB]\nE       \t(No symbol) [0x00FC3302]\nE       \t(No symbol) [0x00FAB464]\nE       \t(No symbol) [0x00FC1215]\nE       \t(No symbol) [0x00FAB216]\nE       \t(No symbol) [0x00F80D97]\nE       \t(No symbol) [0x00F8253D]\nE       \tGetHandleVerifier [0x0133ABF2+2510930]\nE       \tGetHandleVerifier [0x01368EC1+2700065]\nE       \tGetHandleVerifier [0x0136C86C+2714828]\nE       \tGetHandleVerifier [0x01173480+645344]\nE       \t(No symbol) [0x01060FD2]\nE       \t(No symbol) [0x01066C68]\nE       \t(No symbol) [0x01066D4B]\nE       \t(No symbol) [0x01070D6B]\nE       \tBaseThreadInitThunk [0x752C7D69+25]\nE       \tRtlInitializeExceptionChain [0x7748B74B+107]\nE       \tRtlClearBits [0x7748B6CF+191]\n\nC:\\Users\\iwmal\\AppData\\Local\\Packages\\PythonSoftwareFoundation.Python.3.10_qbz5n2kfra8p0\\LocalCache\\local-packages\\Python310\\site-packages\\selenium\\webdriver\\support\\wait.py:95: TimeoutException"}, "description": "Проверка позитивного сценария заказа самоката через кнопку внизу страницы с корректным заполнением всех полей формы, кроме поля \"Комментарий\"", "steps": [{"name": "Нажать кнопку принятия cookies", "status": "passed", "start": 1679483276033, "stop": 1679483276123}, {"name": "Нажать кнопку \"Заказать\" внизу страницы", "status": "passed", "start": 1679483276124, "stop": 1679483276251}, {"name": "Подождать загрузки страницы заказа", "status": "passed", "start": 1679483276251, "stop": 1679483276292}, {"name": "Заполнить поле \"Имя\"", "status": "passed", "parameters": [{"name": "name", "value": "'Роман'"}], "start": 1679483276292, "stop": 1679483276375}, {"name": "Заполнить поле \"Фамилия\"", "status": "passed", "parameters": [{"name": "family_name", "value": "'Александровский'"}], "start": 1679483276376, "stop": 1679483276463}, {"name": "Заполнить поле \"Адрес\"", "status": "passed", "parameters": [{"name": "address", "value": "'Новомытищенский проспект, 33, корпус 1'"}], "start": 1679483276463, "stop": 1679483276574}, {"name": "Выбрать станцию метро из выпадающего списка, напечатав ее название в поле ввода", "status": "passed", "parameters": [{"name": "metro_station", "value": "'Перово'"}], "start": 1679483276574, "stop": 1679483276744}, {"name": "Заполнить поле \"Номер телефона\"", "status": "passed", "parameters": [{"name": "phone_number", "value": "'+12345678901'"}], "start": 1679483276744, "stop": 1679483276828}, {"name": "Нажать кнопку \"Далее\"", "status": "passed", "start": 1679483276828, "stop": 1679483276873}, {"name": "Подождать появление всплывающего окна с сообщением об успешном создании заказа", "status": "broken", "statusDetails": {"message": "selenium.common.exceptions.TimeoutException: Message: \nStacktrace:\nBacktrace:\n\t(No symbol) [0x010C37D3]\n\t(No symbol) [0x01058B81]\n\t(No symbol) [0x00F5B36D]\n\t(No symbol) [0x00F8D382]\n\t(No symbol) [0x00F8D4BB]\n\t(No symbol) [0x00FC3302]\n\t(No symbol) [0x00FAB464]\n\t(No symbol) [0x00FC1215]\n\t(No symbol) [0x00FAB216]\n\t(No symbol) [0x00F80D97]\n\t(No symbol) [0x00F8253D]\n\tGetHandleVerifier [0x0133ABF2+2510930]\n\tGetHandleVerifier [0x01368EC1+2700065]\n\tGetHandleVerifier [0x0136C86C+2714828]\n\tGetHandleVerifier [0x01173480+645344]\n\t(No symbol) [0x01060FD2]\n\t(No symbol) [0x01066C68]\n\t(No symbol) [0x01066D4B]\n\t(No symbol) [0x01070D6B]\n\tBaseThreadInitThunk [0x752C7D69+25]\n\tRtlInitializeExceptionChain [0x7748B74B+107]\n\tRtlClearBits [0x7748B6CF+191]\n\n", "trace": "  File \"C:\\Users\\iwmal\\AppData\\Local\\Packages\\PythonSoftwareFoundation.Python.3.10_qbz5n2kfra8p0\\LocalCache\\local-packages\\Python310\\site-packages\\allure_commons\\_allure.py\", line 192, in impl\n    return func(*a, **kw)\n  File \"C:\\Python_study\\Sprint_4\\pages\\order_page.py\", line 55, in wait_confirmation\n    WebDriverWait(self.driver,5).until(expected_conditions.visibility_of_element_located(self.order_created_message))\n  File \"C:\\Users\\iwmal\\AppData\\Local\\Packages\\PythonSoftwareFoundation.Python.3.10_qbz5n2kfra8p0\\LocalCache\\local-packages\\Python310\\site-packages\\selenium\\webdriver\\support\\wait.py\", line 95, in until\n    raise TimeoutException(message, screen, stacktrace)\n"}, "start": 1679483277318, "stop": 1679483282459}], "parameters": [{"name": "name", "value": "'Роман'"}, {"name": "family_name", "value": "'Александровский'"}, {"name": "address", "value": "'Новомытищенский проспект, 33, корпус 1'"}, {"name": "metro", "value": "'Перово'"}, {"name": "phone", "value": "'+12345678901'"}, {"name": "date", "value": "'23.03.2023'"}], "start": 1679483276032, "stop": 1679483282460, "uuid": "730a4fc2-a6e3-4bfa-afa3-e12161e9d929", "historyId": "4483e5a9f16f14a7e14684065031782a", "testCaseId": "b609a63feb19f9433f23a48f08bf5146", "fullName": "tests.test_order#test_order_via_button_in_bottom_and_check_link", "labels": [{"name": "parentSuite", "value": "tests"}, {"name": "suite", "value": "test_order"}, {"name": "host", "value": "LAPTOP-ECDP3AFA"}, {"name": "thread", "value": "27552-MainThread"}, {"name": "framework", "value": "pytest"}, {"name": "language", "value": "cpython3"}, {"name": "package", "value": "tests.test_order"}]}